Using pre-set license
Built from '2020.2/staging' branch; Version is '2020.2.6f1 (8a2143876886) revision 9052483'; Using compiler version '192528614'; Build Type 'Release'
OS: 'Windows 10 Home; OS build 19042.1348; Version 2009; 64bit' Language: 'ja' Physical Memory: 29647 MB
BatchMode: 1, IsHumanControllingUs: 0, StartBugReporterOnCrash: 0, Is64bit: 1, IsPro: 0

 COMMAND LINE ARGUMENTS:
C:\Program Files\Unity\Hub\Editor\2020.2.6f1\Editor\Unity.exe
-adb2
-batchMode
-noUpm
-name
AssetImportWorker0
-projectPath
D:/学校/授業使用/coly_project/Funkeln
-logFile
Logs/AssetImportWorker0.log
-srvPort
55051
Successfully changed project path to: D:/学校/授業使用/coly_project/Funkeln
D:/学校/授業使用/coly_project/Funkeln
Using Asset Import Pipeline V2.
Refreshing native plugins compatible for Editor in 34.97 ms, found 1 plugins.
Preloading 0 native plugins for Editor in 0.00 ms.
Initialize engine version: 2020.2.6f1 (8a2143876886)
[Subsystems] Discovering subsystems at path C:/Program Files/Unity/Hub/Editor/2020.2.6f1/Editor/Data/Resources/UnitySubsystems
[Subsystems] Discovering subsystems at path D:/学校/授業使用/coly_project/Funkeln/Assets
GfxDevice: creating device client; threaded=0
Direct3D:
    Version:  Direct3D 11.0 [level 11.1]
    Renderer: NVIDIA GeForce GTX 1660 Ti (ID=0x2191)
    Vendor:   
    VRAM:     5991 MB
    Driver:   27.21.14.6275
Initialize mono
Mono path[0] = 'C:/Program Files/Unity/Hub/Editor/2020.2.6f1/Editor/Data/Managed'
Mono path[1] = 'C:/Program Files/Unity/Hub/Editor/2020.2.6f1/Editor/Data/MonoBleedingEdge/lib/mono/unityjit'
Mono config path = 'C:/Program Files/Unity/Hub/Editor/2020.2.6f1/Editor/Data/MonoBleedingEdge/etc'
Using monoOptions --debugger-agent=transport=dt_socket,embedding=1,server=y,suspend=n,address=127.0.0.1:56540
Begin MonoManager ReloadAssembly
Registering precompiled unity dll's ...
Register platform support module: C:/Program Files/Unity/Hub/Editor/2020.2.6f1/Editor/Data/PlaybackEngines/WebGLSupport/UnityEditor.WebGL.Extensions.dll
Register platform support module: C:/Program Files/Unity/Hub/Editor/2020.2.6f1/Editor/Data/PlaybackEngines/MacStandaloneSupport/UnityEditor.OSXStandalone.Extensions.dll
Register platform support module: C:/Program Files/Unity/Hub/Editor/2020.2.6f1/Editor/Data/PlaybackEngines/WindowsStandaloneSupport/UnityEditor.WindowsStandalone.Extensions.dll
Registered in 0.002672 seconds.
Native extension for WindowsStandalone target not found
Native extension for OSXStandalone target not found
Native extension for WebGL target not found
Refreshing native plugins compatible for Editor in 31.72 ms, found 1 plugins.
Preloading 0 native plugins for Editor in 0.00 ms.
Invoked RoslynAnalysisRunner static constructor.
RoslynAnalysisRunner will not be running.
RoslynAnalysisRunner has terminated.
Mono: successfully reloaded assembly
- Completed reload, in  1.112 seconds
Platform modules already initialized, skipping
Registering precompiled user dll's ...
Registered in 0.002012 seconds.
Begin MonoManager ReloadAssembly
Native extension for WindowsStandalone target not found
Native extension for OSXStandalone target not found
Native extension for WebGL target not found
Refreshing native plugins compatible for Editor in 33.80 ms, found 1 plugins.
Preloading 0 native plugins for Editor in 0.00 ms.
Invoked RoslynAnalysisRunner static constructor.
RoslynAnalysisRunner will not be running.
RoslynAnalysisRunner has terminated.
Mono: successfully reloaded assembly
- Completed reload, in  0.849 seconds
Platform modules already initialized, skipping
========================================================================
Worker process is ready to serve import requests
Launched and connected shader compiler UnityShaderCompiler.exe after 0.05 seconds
Refreshing native plugins compatible for Editor in 0.38 ms, found 1 plugins.
Preloading 0 native plugins for Editor in 0.00 ms.
Unloading 1846 Unused Serialized files (Serialized files now loaded: 0)
System memory in use before: 90.0 MB.
System memory in use after: 90.1 MB.

Unloading 24 unused Assets to reduce memory usage. Loaded Objects now: 2288.
Total: 2.121200 ms (FindLiveObjects: 0.154300 ms CreateObjectMapping: 0.058200 ms MarkObjects: 1.850000 ms  DeleteObjects: 0.058100 ms)

========================================================================
Received Import Request.
  path: Assets/Prehub/BackHome.prefab
  artifactKey: Guid(84f16c28636392e4394e3f8259253183) Importer(815301076,1909f56bfc062723c751e8b465ee728b)
Start importing Assets/Prehub/BackHome.prefab using Guid(84f16c28636392e4394e3f8259253183) Importer(815301076,1909f56bfc062723c751e8b465ee728b)  -> (artifact id: '4dbb01dc3958a503f14d09e6adb939b6') in 0.157667 seconds
  Import took 0.209764 seconds .

========================================================================
Received Import Request.
  Time since last request: 0.000333 seconds.
  path: Assets/Prehub/Mask_character.prefab
  artifactKey: Guid(d0886cc08a099604da1f517cb0d4bbc2) Importer(815301076,1909f56bfc062723c751e8b465ee728b)
Start importing Assets/Prehub/Mask_character.prefab using Guid(d0886cc08a099604da1f517cb0d4bbc2) Importer(815301076,1909f56bfc062723c751e8b465ee728b)  -> (artifact id: 'f36237c18e312e8b3e3d7ebc282d23b5') in 0.005000 seconds
  Import took 0.007388 seconds .

========================================================================
Received Import Request.
  Time since last request: 0.000326 seconds.
  path: Assets/Prehub/MenuObject.prefab
  artifactKey: Guid(0444711dc12a3be48b92db973e2eca51) Importer(815301076,1909f56bfc062723c751e8b465ee728b)
Start importing Assets/Prehub/MenuObject.prefab using Guid(0444711dc12a3be48b92db973e2eca51) Importer(815301076,1909f56bfc062723c751e8b465ee728b)  -> (artifact id: '8a9bba4f6d40f760e509b1820944961c') in 0.006526 seconds
  Import took 0.010645 seconds .

========================================================================
Received Import Request.
  Time since last request: 0.000295 seconds.
  path: Assets/Prehub/BackImage.prefab
  artifactKey: Guid(269f381c8abd42749a82552037d9f88b) Importer(815301076,1909f56bfc062723c751e8b465ee728b)
Start importing Assets/Prehub/BackImage.prefab using Guid(269f381c8abd42749a82552037d9f88b) Importer(815301076,1909f56bfc062723c751e8b465ee728b)  -> (artifact id: 'f8bb65cdab838c207e782c7fb293a22f') in 0.005864 seconds
  Import took 0.009824 seconds .

========================================================================
Received Import Request.
  Time since last request: 0.000276 seconds.
  path: Assets/Prehub/CharacterData.prefab
  artifactKey: Guid(50ff20857fbca4bfcbe7373e6dd22ffc) Importer(815301076,1909f56bfc062723c751e8b465ee728b)
Start importing Assets/Prehub/CharacterData.prefab using Guid(50ff20857fbca4bfcbe7373e6dd22ffc) Importer(815301076,1909f56bfc062723c751e8b465ee728b)  -> (artifact id: 'fbe86e7769d1583d6a551d5249d57875') in 0.005990 seconds
  Import took 0.009772 seconds .

========================================================================
Received Import Request.
  Time since last request: 0.000347 seconds.
  path: Assets/Prehub/TextBox.prefab
  artifactKey: Guid(a6cc5bfa0e3d30e41b9a0262cae1b078) Importer(815301076,1909f56bfc062723c751e8b465ee728b)
Start importing Assets/Prehub/TextBox.prefab using Guid(a6cc5bfa0e3d30e41b9a0262cae1b078) Importer(815301076,1909f56bfc062723c751e8b465ee728b)  -> (artifact id: '20fa610706038256d21b0bd3aa341f57') in 0.004945 seconds
  Import took 0.008338 seconds .

========================================================================
Received Import Request.
  Time since last request: 0.000275 seconds.
  path: Assets/Prehub/GameManeger.prefab
  artifactKey: Guid(286ee9bf48e76bc46b418a8ba72a8e7e) Importer(815301076,1909f56bfc062723c751e8b465ee728b)
Start importing Assets/Prehub/GameManeger.prefab using Guid(286ee9bf48e76bc46b418a8ba72a8e7e) Importer(815301076,1909f56bfc062723c751e8b465ee728b)  -> (artifact id: '00b89a5dfb4c674f722bbfbe2a12b9ab') in 0.003839 seconds
  Import took 0.006369 seconds .

========================================================================
Received Import Request.
  Time since last request: 0.002299 seconds.
  path: Assets/Prehub/TextBox.prefab
  artifactKey: Guid(a6cc5bfa0e3d30e41b9a0262cae1b078) Importer(815301076,1909f56bfc062723c751e8b465ee728b)
Start importing Assets/Prehub/TextBox.prefab using Guid(a6cc5bfa0e3d30e41b9a0262cae1b078) Importer(815301076,1909f56bfc062723c751e8b465ee728b)  -> (artifact id: '20fa610706038256d21b0bd3aa341f57') in 0.004938 seconds
  Import took 0.008103 seconds .

========================================================================
Received Import Request.
  Time since last request: 9.561953 seconds.
  path: Assets/TestDate/ReftArrow.png
  artifactKey: Guid(57c7adbf318cf3345b3c9e78bc6200f1) Importer(815301076,1909f56bfc062723c751e8b465ee728b)
Start importing Assets/TestDate/ReftArrow.png using Guid(57c7adbf318cf3345b3c9e78bc6200f1) Importer(815301076,1909f56bfc062723c751e8b465ee728b)  -> (artifact id: '30b2cc157756fc6a6c22f3fa5a4be1ae') in 0.108666 seconds
  Import took 0.111920 seconds .

========================================================================
Received Import Request.
  Time since last request: 0.000321 seconds.
  path: Assets/TestDate/triangle.png
  artifactKey: Guid(80434ab26e3613d4fa738cb0cf8805f2) Importer(815301076,1909f56bfc062723c751e8b465ee728b)
Start importing Assets/TestDate/triangle.png using Guid(80434ab26e3613d4fa738cb0cf8805f2) Importer(815301076,1909f56bfc062723c751e8b465ee728b)  -> (artifact id: '074276ca18f50b0d8f5cf5abcb845178') in 0.166077 seconds
  Import took 0.169071 seconds .

========================================================================
Received Import Request.
  Time since last request: 0.000292 seconds.
  path: Assets/TestDate/unnamed.jpg
  artifactKey: Guid(7d3fed7903e5b254ebcd0dd9f67fd22d) Importer(815301076,1909f56bfc062723c751e8b465ee728b)
Start importing Assets/TestDate/unnamed.jpg using Guid(7d3fed7903e5b254ebcd0dd9f67fd22d) Importer(815301076,1909f56bfc062723c751e8b465ee728b)  -> (artifact id: '610532360a5754ccc2915c15d8d84ab3') in 0.018860 seconds
  Import took 0.022396 seconds .

========================================================================
Received Import Request.
  Time since last request: 0.000303 seconds.
  path: Assets/TestDate/ReftArrow.png
  artifactKey: Guid(57c7adbf318cf3345b3c9e78bc6200f1) Importer(815301076,1909f56bfc062723c751e8b465ee728b)
Start importing Assets/TestDate/ReftArrow.png using Guid(57c7adbf318cf3345b3c9e78bc6200f1) Importer(815301076,1909f56bfc062723c751e8b465ee728b)  -> (artifact id: '30b2cc157756fc6a6c22f3fa5a4be1ae') in 0.006911 seconds
  Import took 0.011016 seconds .

========================================================================
Received Import Request.
  Time since last request: 0.000399 seconds.
  path: Assets/TestDate/RightArrow.png
  artifactKey: Guid(ebfdc6bafb47bcf438d0c591801fa698) Importer(815301076,1909f56bfc062723c751e8b465ee728b)
Start importing Assets/TestDate/RightArrow.png using Guid(ebfdc6bafb47bcf438d0c591801fa698) Importer(815301076,1909f56bfc062723c751e8b465ee728b)  -> (artifact id: 'c4ffdf4447d0d47394e790c79538667c') in 0.022446 seconds
  Import took 0.025374 seconds .

========================================================================
Received Prepare
Registering precompiled user dll's ...
Registered in 0.001962 seconds.
Begin MonoManager ReloadAssembly
Native extension for WindowsStandalone target not found
Native extension for OSXStandalone target not found
Native extension for WebGL target not found
Refreshing native plugins compatible for Editor in 0.35 ms, found 1 plugins.
Preloading 0 native plugins for Editor in 0.00 ms.
Invoked RoslynAnalysisRunner static constructor.
RoslynAnalysisRunner will not be running.
RoslynAnalysisRunner has terminated.
Mono: successfully reloaded assembly
- Completed reload, in  0.839 seconds
Platform modules already initialized, skipping
Refreshing native plugins compatible for Editor in 0.39 ms, found 1 plugins.
Preloading 0 native plugins for Editor in 0.00 ms.
Unloading 1823 Unused Serialized files (Serialized files now loaded: 0)
System memory in use before: 91.7 MB.
System memory in use after: 91.8 MB.

Unloading 12 unused Assets to reduce memory usage. Loaded Objects now: 2305.
Total: 1.888900 ms (FindLiveObjects: 0.152700 ms CreateObjectMapping: 0.058100 ms MarkObjects: 1.633000 ms  DeleteObjects: 0.044300 ms)

========================================================================
Received Import Request.
  Time since last request: 174.002242 seconds.
  path: Assets/Resources/Characters/1000.prefab
  artifactKey: Guid(133ffab376436482daa44bf833952b06) Importer(815301076,1909f56bfc062723c751e8b465ee728b)
Start importing Assets/Resources/Characters/1000.prefab using Guid(133ffab376436482daa44bf833952b06) Importer(815301076,1909f56bfc062723c751e8b465ee728b)  -> (artifact id: 'a71bed1400c0b6175d35bbf41c8a83d7') in 0.121302 seconds
  Import took 0.125783 seconds .

========================================================================
Received Import Request.
  Time since last request: 0.000462 seconds.
  path: Assets/Resources/UI/arrow_right.png
  artifactKey: Guid(0840058647b690c48b032999bcd7833b) Importer(815301076,1909f56bfc062723c751e8b465ee728b)
Start importing Assets/Resources/UI/arrow_right.png using Guid(0840058647b690c48b032999bcd7833b) Importer(815301076,1909f56bfc062723c751e8b465ee728b)  -> (artifact id: 'bbbe792221157c4aea4087c55a699af8') in 0.028657 seconds
  Import took 0.031375 seconds .

========================================================================
Received Import Request.
  Time since last request: 0.000353 seconds.
  path: Assets/Resources/Characters/1000.prefab
  artifactKey: Guid(133ffab376436482daa44bf833952b06) Importer(815301076,1909f56bfc062723c751e8b465ee728b)
Start importing Assets/Resources/Characters/1000.prefab using Guid(133ffab376436482daa44bf833952b06) Importer(815301076,1909f56bfc062723c751e8b465ee728b)  -> (artifact id: 'a71bed1400c0b6175d35bbf41c8a83d7') in 0.035234 seconds
  Import took 0.038939 seconds .

========================================================================
Received Import Request.
  Time since last request: 0.000317 seconds.
  path: Assets/Resources/UI/arrow_left.png
  artifactKey: Guid(259b53f09bd770241982c572d9105aa1) Importer(815301076,1909f56bfc062723c751e8b465ee728b)
Start importing Assets/Resources/UI/arrow_left.png using Guid(259b53f09bd770241982c572d9105aa1) Importer(815301076,1909f56bfc062723c751e8b465ee728b)  -> (artifact id: 'fbc0ff74afc852702a35cdb617d9d9e2') in 0.017014 seconds
  Import took 0.020353 seconds .

========================================================================
Received Import Request.
  Time since last request: 0.000390 seconds.
  path: Assets/TestDate/1024rough.png
  artifactKey: Guid(c5e7759bf307eb4478fe5e7a429da3f7) Importer(815301076,1909f56bfc062723c751e8b465ee728b)
Start importing Assets/TestDate/1024rough.png using Guid(c5e7759bf307eb4478fe5e7a429da3f7) Importer(815301076,1909f56bfc062723c751e8b465ee728b)  -> (artifact id: 'da1a718e8b694f5b14fb9b3f797cb513') in 0.028349 seconds
  Import took 0.031927 seconds .

========================================================================
Received Import Request.
  Time since last request: 0.001678 seconds.
  path: Assets/TestDate/1024rough.png
  artifactKey: Guid(c5e7759bf307eb4478fe5e7a429da3f7) Importer(815301076,1909f56bfc062723c751e8b465ee728b)
Start importing Assets/TestDate/1024rough.png using Guid(c5e7759bf307eb4478fe5e7a429da3f7) Importer(815301076,1909f56bfc062723c751e8b465ee728b)  -> (artifact id: 'da1a718e8b694f5b14fb9b3f797cb513') in 0.018104 seconds
  Import took 0.021798 seconds .

========================================================================
Received Prepare
Registering precompiled user dll's ...
Registered in 0.002444 seconds.
Begin MonoManager ReloadAssembly
Native extension for WindowsStandalone target not found
Native extension for OSXStandalone target not found
Native extension for WebGL target not found
Refreshing native plugins compatible for Editor in 0.36 ms, found 1 plugins.
Preloading 0 native plugins for Editor in 0.00 ms.
Invoked RoslynAnalysisRunner static constructor.
RoslynAnalysisRunner will not be running.
RoslynAnalysisRunner has terminated.
Mono: successfully reloaded assembly
- Completed reload, in  0.792 seconds
Platform modules already initialized, skipping
Refreshing native plugins compatible for Editor in 0.37 ms, found 1 plugins.
Preloading 0 native plugins for Editor in 0.00 ms.
Unloading 1823 Unused Serialized files (Serialized files now loaded: 0)
System memory in use before: 91.8 MB.
System memory in use after: 91.9 MB.

Unloading 12 unused Assets to reduce memory usage. Loaded Objects now: 2314.
Total: 1.762400 ms (FindLiveObjects: 0.223200 ms CreateObjectMapping: 0.067000 ms MarkObjects: 1.456300 ms  DeleteObjects: 0.014700 ms)

AssetImportWorkerClient::OnTransportError - code=2 error=End of file
